<?xml version="1.0" encoding="UTF-8"?>
<!-- Generated by org.testng.reporters.JUnitReportReporter -->
<testsuite hostname="Thia" name="com.wordpress.Test.VerifyWordpressLogin" tests="1" failures="0" timestamp="16 Jun 2016 02:29:18 GMT" time="8.040" errors="0">
  <testcase name="VerifyValidLogin" time="8.040" classname="com.wordpress.Test.VerifyWordpressLogin"/>
</testsuite> <!-- com.wordpress.Test.VerifyWordpressLogin -->
