<?xml version="1.0" encoding="UTF-8"?>
<!-- Generated by org.testng.reporters.JUnitReportReporter -->
<testsuite hostname="Thia" name="Iframes.DemoAlert" tests="1" failures="0" timestamp="15 Jun 2016 01:41:57 GMT" time="15.977" errors="0">
  <testcase name="handleAlert" time="15.977" classname="Iframes.DemoAlert"/>
</testsuite> <!-- Iframes.DemoAlert -->
