<?xml version="1.0" encoding="UTF-8"?>
<!-- Generated by org.testng.reporters.JUnitReportReporter -->
<testsuite hostname="Thia" name="com.wordpress.Test.VerifyWordpressLogin2" tests="1" failures="0" timestamp="15 Jun 2016 21:34:16 GMT" time="8.296" errors="0">
  <testcase name="VerifyValidLogin" time="8.296" classname="com.wordpress.Test.VerifyWordpressLogin2"/>
</testsuite> <!-- com.wordpress.Test.VerifyWordpressLogin2 -->
