<?xml version="1.0" encoding="UTF-8"?>
<!-- Generated by org.testng.reporters.JUnitReportReporter -->
<testsuite hostname="Thia" name="Iframes.WindowSwitchDemo" tests="1" failures="0" timestamp="14 Jun 2016 16:49:04 GMT" time="17.509" errors="0">
  <testcase name="swichChildWindow" time="17.509" classname="Iframes.WindowSwitchDemo"/>
</testsuite> <!-- Iframes.WindowSwitchDemo -->
