<?xml version="1.0" encoding="UTF-8"?>
<!-- Generated by org.testng.reporters.JUnitReportReporter -->
<testsuite hostname="Thia" name="Iframes.DemoIfame" tests="1" failures="0" timestamp="14 Jun 2016 01:58:27 GMT" time="17.170" errors="0">
  <testcase name="testframe" time="17.170" classname="Iframes.DemoIfame"/>
</testsuite> <!-- Iframes.DemoIfame -->
