<?xml version="1.0" encoding="UTF-8"?>
<!-- Generated by org.testng.reporters.JUnitReportReporter -->
<testsuite hostname="Thia" name="Iframes.FirefoxDemo" tests="1" failures="0" timestamp="15 Jun 2016 01:45:00 GMT" time="8.207" errors="0">
  <testcase name="handleCertificate" time="8.207" classname="Iframes.FirefoxDemo"/>
</testsuite> <!-- Iframes.FirefoxDemo -->
